# JRE version: OpenJDK Runtime Environment (11.0.5+10) (build 11.0.5+10-b520.30)
# Java VM: OpenJDK 64-Bit Server VM (11.0.5+10-b520.30, mixed mode, tiered, compressed oops, g1 gc, linux-amd64)
Heap:
 garbage-first heap   total 218112K, used 11350K [0x00000000c3a00000, 0x0000000100000000)
  region size 1024K, 1 young (1024K), 1 survivors (1024K)
 Metaspace       used 25464K, capacity 26386K, committed 26496K, reserved 1073152K
  class space    used 3047K, capacity 3419K, committed 3456K, reserved 1048576K
GC Heap History (20 events):
Event: 49.865 GC heap after
{Heap after GC invocations=7 (full 0):
 garbage-first heap   total 63488K, used 9378K [0x00000000c3a00000, 0x0000000100000000)
  region size 1024K, 3 young (3072K), 3 survivors (3072K)
 Metaspace       used 20346K, capacity 21118K, committed 21248K, reserved 1067008K
  class space    used 2390K, capacity 2703K, committed 2816K, reserved 1048576K
}
Event: 50.244 GC heap before
{Heap before GC invocations=8 (full 0):
 garbage-first heap   total 63488K, used 9378K [0x00000000c3a00000, 0x0000000100000000)
  region size 1024K, 4 young (4096K), 3 survivors (3072K)
 Metaspace       used 20517K, capacity 21315K, committed 21504K, reserved 1069056K
  class space    used 2409K, capacity 2705K, committed 2816K, reserved 1048576K
}
Event: 50.258 GC heap after
{Heap after GC invocations=9 (full 0):
 garbage-first heap   total 63488K, used 9671K [0x00000000c3a00000, 0x0000000100000000)
  region size 1024K, 1 young (1024K), 1 survivors (1024K)
 Metaspace       used 20517K, capacity 21315K, committed 21504K, reserved 1069056K
  class space    used 2409K, capacity 2705K, committed 2816K, reserved 1048576K
}
Event: 51.828 GC heap before
{Heap before GC invocations=9 (full 0):
 garbage-first heap   total 63488K, used 10695K [0x00000000c3a00000, 0x0000000100000000)
  region size 1024K, 3 young (3072K), 1 survivors (1024K)
 Metaspace       used 20844K, capacity 21609K, committed 21760K, reserved 1069056K
  class space    used 2444K, capacity 2739K, committed 2816K, reserved 1048576K
}
Event: 51.831 GC heap after
{Heap after GC invocations=10 (full 0):
 garbage-first heap   total 63488K, used 9377K [0x00000000c3a00000, 0x0000000100000000)
  region size 1024K, 1 young (1024K), 1 survivors (1024K)
 Metaspace       used 20844K, capacity 21609K, committed 21760K, reserved 1069056K
  class space    used 2444K, capacity 2739K, committed 2816K, reserved 1048576K
}
Event: 52.420 GC heap before
{Heap before GC invocations=10 (full 0):
 garbage-first heap   total 63488K, used 11425K [0x00000000c3a00000, 0x0000000100000000)
  region size 1024K, 3 young (3072K), 1 survivors (1024K)
 Metaspace       used 21146K, capacity 21909K, committed 22016K, reserved 1069056K
  class space    used 2474K, capacity 2775K, committed 2816K, reserved 1048576K
}
Event: 52.422 GC heap after
{Heap after GC invocations=11 (full 0):
 garbage-first heap   total 63488K, used 9410K [0x00000000c3a00000, 0x0000000100000000)
  region size 1024K, 1 young (1024K), 1 survivors (1024K)
 Metaspace       used 21146K, capacity 21909K, committed 22016K, reserved 1069056K
  class space    used 2474K, capacity 2775K, committed 2816K, reserved 1048576K
}
Event: 52.976 GC heap before
{Heap before GC invocations=11 (full 0):
 garbage-first heap   total 63488K, used 10434K [0x00000000c3a00000, 0x0000000100000000)
  region size 1024K, 3 young (3072K), 1 survivors (1024K)
 Metaspace       used 21466K, capacity 22261K, committed 22528K, reserved 1069056K
  class space    used 2505K, capacity 2807K, committed 2816K, reserved 1048576K
}
Event: 52.979 GC heap after
{Heap after GC invocations=12 (full 0):
 garbage-first heap   total 63488K, used 9462K [0x00000000c3a00000, 0x0000000100000000)
  region size 1024K, 1 young (1024K), 1 survivors (1024K)
 Metaspace       used 21466K, capacity 22261K, committed 22528K, reserved 1069056K
  class space    used 2505K, capacity 2807K, committed 2816K, reserved 1048576K
}
Event: 71.065 GC heap before
{Heap before GC invocations=12 (full 0):
 garbage-first heap   total 63488K, used 43254K [0x00000000c3a00000, 0x0000000100000000)
  region size 1024K, 35 young (35840K), 1 survivors (1024K)
 Metaspace       used 24574K, capacity 25440K, committed 25600K, reserved 1071104K
  class space    used 2939K, capacity 3296K, committed 3328K, reserved 1048576K
}
Event: 71.800 GC heap after
{Heap after GC invocations=13 (full 0):
 garbage-first heap   total 93184K, used 10586K [0x00000000c3a00000, 0x0000000100000000)
  region size 1024K, 2 young (2048K), 2 survivors (2048K)
 Metaspace       used 24574K, capacity 25440K, committed 25600K, reserved 1071104K
  class space    used 2939K, capacity 3296K, committed 3328K, reserved 1048576K
}
Event: 83.514 GC heap before
{Heap before GC invocations=13 (full 0):
 garbage-first heap   total 93184K, used 51546K [0x00000000c3a00000, 0x0000000100000000)
  region size 1024K, 43 young (44032K), 2 survivors (2048K)
 Metaspace       used 25251K, capacity 26138K, committed 26496K, reserved 1073152K
  class space    used 3016K, capacity 3380K, committed 3456K, reserved 1048576K
}
Event: 89.406 GC heap after
{Heap after GC invocations=14 (full 0):
 garbage-first heap   total 93184K, used 11168K [0x00000000c3a00000, 0x0000000100000000)
  region size 1024K, 2 young (2048K), 2 survivors (2048K)
 Metaspace       used 25251K, capacity 26138K, committed 26496K, reserved 1073152K
  class space    used 3016K, capacity 3380K, committed 3456K, reserved 1048576K
}
Event: 96.318 GC heap before
{Heap before GC invocations=14 (full 0):
 garbage-first heap   total 93184K, used 13216K [0x00000000c3a00000, 0x0000000100000000)
  region size 1024K, 4 young (4096K), 2 survivors (2048K)
 Metaspace       used 25303K, capacity 26202K, committed 26496K, reserved 1073152K
  class space    used 3021K, capacity 3380K, committed 3456K, reserved 1048576K
}
Event: 96.325 GC heap after
{Heap after GC invocations=15 (full 0):
 garbage-first heap   total 93184K, used 11337K [0x00000000c3a00000, 0x0000000100000000)
  region size 1024K, 1 young (1024K), 1 survivors (1024K)
 Metaspace       used 25303K, capacity 26202K, committed 26496K, reserved 1073152K
  class space    used 3021K, capacity 3380K, committed 3456K, reserved 1048576K
}
Event: 104.519 GC heap before
{Heap before GC invocations=15 (full 0):
 garbage-first heap   total 93184K, used 14409K [0x00000000c3a00000, 0x0000000100000000)
  region size 1024K, 4 young (4096K), 1 survivors (1024K)
 Metaspace       used 25370K, capacity 26211K, committed 26496K, reserved 1073152K
  class space    used 3030K, capacity 3383K, committed 3456K, reserved 1048576K
}
Event: 106.914 GC heap after
{Heap after GC invocations=16 (full 0):
 garbage-first heap   total 93184K, used 11214K [0x00000000c3a00000, 0x0000000100000000)
  region size 1024K, 1 young (1024K), 1 survivors (1024K)
 Metaspace       used 25370K, capacity 26211K, committed 26496K, reserved 1073152K
  class space    used 3030K, capacity 3383K, committed 3456K, reserved 1048576K
}
Event: 115.407 GC heap before
{Heap before GC invocations=16 (full 0):
 garbage-first heap   total 93184K, used 14286K [0x00000000c3a00000, 0x0000000100000000)
  region size 1024K, 4 young (4096K), 1 survivors (1024K)
 Metaspace       used 25424K, capacity 26284K, committed 26496K, reserved 1073152K
  class space    used 3041K, capacity 3385K, committed 3456K, reserved 1048576K
}
Event: 116.674 GC heap after
{Heap after GC invocations=17 (full 0):
 garbage-first heap   total 93184K, used 11255K [0x00000000c3a00000, 0x0000000100000000)
  region size 1024K, 1 young (1024K), 1 survivors (1024K)
 Metaspace       used 25424K, capacity 26284K, committed 26496K, reserved 1073152K
  class space    used 3041K, capacity 3385K, committed 3456K, reserved 1048576K
}
Event: 187.442 GC heap before
{Heap before GC invocations=17 (full 0):
 garbage-first heap   total 93184K, used 14327K [0x00000000c3a00000, 0x0000000100000000)
  region size 1024K, 4 young (4096K), 1 survivors (1024K)
 Metaspace       used 25464K, capacity 26386K, committed 26496K, reserved 1073152K
  class space    used 3047K, capacity 3419K, committed 3456K, reserved 1048576K
}

